Epoch: 0, Iteration: 0, Loss: 420.0478820800781 + 
Epoch: 0, Iteration: 0, Loss: 420.0478820800781 + 
Epoch: 0, Iteration: 0, Loss: 420.0478820800781 + 
Epoch: 0, Iteration: 0, Loss: 420.0478820800781 + 
Epoch: 0, Iteration: 0, Loss: 420.0478820800781 + 
Epoch: 0, Iteration: 0, sim_simlex: SpearmanrResult(correlation=0.002067438800200242, pvalue=0.9490709052780547), sim_men: SpearmanrResult(correlation=-0.009376425510592003, pvalue=0.6333210092736211), sim_353: SpearmanrResult(correlation=0.04536370704585952, pvalue=0.42013890556131006), nearest to monster: ['monster', 'neck', 'electrolysis', 'enlarging', 'bordered', 'centuries', 'unedited', 'edna', 'cycling', 'reformist'] + 
Epoch: 0, Iteration: 100, Loss: 420.0470275878906 + 
Epoch: 0, Iteration: 200, Loss: 420.046142578125 + 
Epoch: 0, Iteration: 300, Loss: 420.0418395996094 + 
Epoch: 0, Iteration: 400, Loss: 419.9989929199219 + 
Epoch: 0, Iteration: 500, Loss: 419.97430419921875 + 
Epoch: 0, Iteration: 600, Loss: 419.9403076171875 + 
Epoch: 0, Iteration: 700, Loss: 419.9747314453125 + 
Epoch: 0, Iteration: 800, Loss: 419.7252197265625 + 
Epoch: 0, Iteration: 900, Loss: 419.61846923828125 + 
Epoch: 0, Iteration: 1000, Loss: 419.0545654296875 + 
Epoch: 0, Iteration: 1100, Loss: 420.08489990234375 + 
Epoch: 0, Iteration: 1200, Loss: 419.68341064453125 + 
Epoch: 0, Iteration: 1300, Loss: 418.8223876953125 + 
Epoch: 0, Iteration: 1400, Loss: 419.18023681640625 + 
Epoch: 0, Iteration: 1500, Loss: 419.35345458984375 + 
Epoch: 0, Iteration: 1600, Loss: 419.8487548828125 + 
Epoch: 0, Iteration: 1700, Loss: 418.3901062011719 + 
Epoch: 0, Iteration: 1800, Loss: 418.9394836425781 + 
Epoch: 0, Iteration: 1900, Loss: 418.6510314941406 + 
Epoch: 0, Iteration: 2000, Loss: 417.486083984375 + 
Epoch: 0, Iteration: 2000, sim_simlex: SpearmanrResult(correlation=-0.013477594026240367, pvalue=0.6771107549555669), sim_men: SpearmanrResult(correlation=0.029548636360363808, pvalue=0.1326629390088771), sim_353: SpearmanrResult(correlation=0.0011579618790760406, pvalue=0.9835901805162618), nearest to monster: ['monster', 'taken', 'different', 'character', 'overall', 'increased', 'famous', 'digital', 'results', 'atoms'] + 
Epoch: 0, Iteration: 2100, Loss: 417.9276428222656 + 
Epoch: 0, Iteration: 2200, Loss: 418.559326171875 + 
Epoch: 0, Iteration: 2300, Loss: 416.5757751464844 + 
Epoch: 0, Iteration: 2400, Loss: 419.5120849609375 + 
Epoch: 0, Iteration: 2500, Loss: 420.21978759765625 + 
Epoch: 0, Iteration: 2600, Loss: 418.54315185546875 + 
Epoch: 0, Iteration: 2700, Loss: 416.15435791015625 + 
Epoch: 0, Iteration: 2800, Loss: 416.87890625 + 
Epoch: 0, Iteration: 2900, Loss: 418.17596435546875 + 
Epoch: 0, Iteration: 3000, Loss: 417.1209411621094 + 
Epoch: 0, Iteration: 3100, Loss: 417.408203125 + 
Epoch: 0, Iteration: 3200, Loss: 416.1937255859375 + 
Epoch: 0, Iteration: 3300, Loss: 418.5448303222656 + 
Epoch: 0, Iteration: 3400, Loss: 417.9593505859375 + 
Epoch: 0, Iteration: 3500, Loss: 416.1519470214844 + 
Epoch: 0, Iteration: 3600, Loss: 417.61407470703125 + 
Epoch: 0, Iteration: 3700, Loss: 418.1226806640625 + 
Epoch: 0, Iteration: 3800, Loss: 419.0103759765625 + 
Epoch: 0, Iteration: 3900, Loss: 417.05145263671875 + 
Epoch: 0, Iteration: 4000, Loss: 418.310546875 + 
Epoch: 0, Iteration: 4000, sim_simlex: SpearmanrResult(correlation=-0.011532783852777522, pvalue=0.7216031497761), sim_men: SpearmanrResult(correlation=0.062484142356654594, pvalue=0.0014619400144708012), sim_353: SpearmanrResult(correlation=0.02340068177609451, pvalue=0.6776239904109844), nearest to monster: ['monster', 'israeli', 'extensive', 'assigned', 'atoms', 'doctor', 'representing', 'canon', 'coastal', 'representatives'] + 
Epoch: 0, Iteration: 0, Loss: 420.0472106933594 + 
Epoch: 0, Iteration: 0, sim_simlex: SpearmanrResult(correlation=0.0019700779771035094, pvalue=0.951466254088347), sim_men: SpearmanrResult(correlation=-0.009202782633737446, pvalue=0.6396253529862523), sim_353: SpearmanrResult(correlation=0.04537061078248953, pvalue=0.4200681037693368), nearest to monster: ['monster', 'neck', 'electrolysis', 'enlarging', 'bordered', 'centuries', 'unedited', 'edna', 'cycling', 'reformist'] + 
Epoch: 0, Iteration: 100, Loss: 284.31500244140625 + 
Epoch: 0, Iteration: 200, Loss: 227.18214416503906 + 
Epoch: 0, Iteration: 300, Loss: 200.327392578125 + 
Epoch: 0, Iteration: 400, Loss: 158.7140655517578 + 
Epoch: 0, Iteration: 0, Loss: 420.0472106933594 + 
Epoch: 0, Iteration: 0, sim_simlex: SpearmanrResult(correlation=0.0019700779771035094, pvalue=0.951466254088347), sim_men: SpearmanrResult(correlation=-0.009202782633737446, pvalue=0.6396253529862523), sim_353: SpearmanrResult(correlation=0.04537061078248953, pvalue=0.4200681037693368), nearest to monster: ['monster', 'neck', 'electrolysis', 'enlarging', 'bordered', 'centuries', 'unedited', 'edna', 'cycling', 'reformist'] + 
Epoch: 0, Iteration: 100, Loss: 284.31500244140625 + 
Epoch: 0, Iteration: 200, Loss: 227.18214416503906 + 
Epoch: 0, Iteration: 0, Loss: 420.0472106933594 + 
Epoch: 0, Iteration: 0, sim_simlex: SpearmanrResult(correlation=0.0019700779771035094, pvalue=0.951466254088347), sim_men: SpearmanrResult(correlation=-0.009202782633737446, pvalue=0.6396253529862523), sim_353: SpearmanrResult(correlation=0.04537061078248953, pvalue=0.4200681037693368), nearest to monster: ['monster', 'neck', 'electrolysis', 'enlarging', 'bordered', 'centuries', 'unedited', 'edna', 'cycling', 'reformist'] + 
Epoch: 0, Iteration: 100, Loss: 284.31500244140625 + 
Epoch: 0, Iteration: 200, Loss: 227.18214416503906 + 
Epoch: 0, Iteration: 300, Loss: 200.327392578125 + 
Epoch: 0, Iteration: 400, Loss: 158.7140655517578 + 
Epoch: 0, Iteration: 500, Loss: 141.57034301757812 + 
Epoch: 0, Iteration: 600, Loss: 110.70034790039062 + 
Epoch: 0, Iteration: 700, Loss: 121.34341430664062 + 
Epoch: 0, Iteration: 800, Loss: 90.30711364746094 + 
Epoch: 0, Iteration: 900, Loss: 94.70185852050781 + 
Epoch: 0, Iteration: 1000, Loss: 101.753173828125 + 
Epoch: 0, Iteration: 1100, Loss: 86.37313842773438 + 
Epoch: 0, Iteration: 1200, Loss: 100.24000549316406 + 
Epoch: 0, Iteration: 1300, Loss: 71.70751953125 + 
Epoch: 0, Iteration: 1400, Loss: 79.38822937011719 + 
Epoch: 0, Iteration: 1500, Loss: 71.88397979736328 + 
Epoch: 0, Iteration: 1600, Loss: 80.91532135009766 + 
Epoch: 0, Iteration: 1700, Loss: 69.96305847167969 + 
Epoch: 0, Iteration: 1800, Loss: 71.97850036621094 + 
Epoch: 0, Iteration: 1900, Loss: 58.663726806640625 + 
Epoch: 0, Iteration: 2000, Loss: 60.041080474853516 + 
Epoch: 0, Iteration: 2000, sim_simlex: SpearmanrResult(correlation=-0.05423726257091434, pvalue=0.09356324461633346), sim_men: SpearmanrResult(correlation=0.0818594855115772, pvalue=3.0221262639568453e-05), sim_353: SpearmanrResult(correlation=0.0316877779567718, pvalue=0.5734415568210247), nearest to monster: ['monster', 'doctor', 'fort', 'pay', 'faster', 'formula', 'infinite', 'multi', 'producer', 'respect'] + 
Epoch: 0, Iteration: 2100, Loss: 71.40121459960938 + 
Epoch: 0, Iteration: 2200, Loss: 65.04734802246094 + 
Epoch: 0, Iteration: 2300, Loss: 61.413814544677734 + 
Epoch: 0, Iteration: 2400, Loss: 70.31758117675781 + 
Epoch: 0, Iteration: 2500, Loss: 66.17544555664062 + 
Epoch: 0, Iteration: 2600, Loss: 51.24993896484375 + 
Epoch: 0, Iteration: 2700, Loss: 52.935340881347656 + 
Epoch: 0, Iteration: 2800, Loss: 49.36247253417969 + 
Epoch: 0, Iteration: 2900, Loss: 50.9161491394043 + 
Epoch: 0, Iteration: 3000, Loss: 43.451717376708984 + 
Epoch: 0, Iteration: 3100, Loss: 49.007843017578125 + 
Epoch: 0, Iteration: 3200, Loss: 43.392574310302734 + 
Epoch: 0, Iteration: 3300, Loss: 54.405574798583984 + 
Epoch: 0, Iteration: 3400, Loss: 60.776580810546875 + 
Epoch: 0, Iteration: 3500, Loss: 45.20916748046875 + 
Epoch: 0, Iteration: 3600, Loss: 51.5813102722168 + 
Epoch: 0, Iteration: 3700, Loss: 44.308773040771484 + 
Epoch: 0, Iteration: 3800, Loss: 44.14900207519531 + 
Epoch: 0, Iteration: 3900, Loss: 45.01665496826172 + 
Epoch: 0, Iteration: 4000, Loss: 47.372772216796875 + 
Epoch: 0, Iteration: 4000, sim_simlex: SpearmanrResult(correlation=0.010638918838110798, pvalue=0.7423835536308838), sim_men: SpearmanrResult(correlation=0.046001928656106805, pvalue=0.019196458445342183), sim_353: SpearmanrResult(correlation=0.028851461726698505, pvalue=0.6082479940486274), nearest to monster: ['monster', 'bird', 'moral', 'alliance', 'fuel', 'correct', 'exchange', 'chance', 'occupied', 'manuscript'] + 
Epoch: 0, Iteration: 4100, Loss: 42.350868225097656 + 
Epoch: 0, Iteration: 4200, Loss: 43.69796371459961 + 
Epoch: 0, Iteration: 4300, Loss: 48.27692794799805 + 
Epoch: 0, Iteration: 4400, Loss: 49.66687774658203 + 
Epoch: 0, Iteration: 4500, Loss: 45.44709777832031 + 
Epoch: 0, Iteration: 4600, Loss: 41.53733444213867 + 
Epoch: 0, Iteration: 4700, Loss: 43.68464279174805 + 
Epoch: 0, Iteration: 4800, Loss: 39.11681365966797 + 
Epoch: 0, Iteration: 4900, Loss: 47.44287872314453 + 
Epoch: 0, Iteration: 5000, Loss: 36.84070587158203 + 
Epoch: 0, Iteration: 5100, Loss: 40.89876937866211 + 
Epoch: 0, Iteration: 5200, Loss: 40.601478576660156 + 
Epoch: 0, Iteration: 5300, Loss: 42.77184295654297 + 
Epoch: 0, Iteration: 5400, Loss: 48.59614562988281 + 
Epoch: 0, Iteration: 5500, Loss: 40.66088104248047 + 
Epoch: 0, Iteration: 5600, Loss: 38.82316207885742 + 
Epoch: 0, Iteration: 5700, Loss: 46.783111572265625 + 
Epoch: 0, Iteration: 5800, Loss: 41.63261413574219 + 
Epoch: 0, Iteration: 5900, Loss: 39.42973709106445 + 
Epoch: 0, Iteration: 6000, Loss: 43.52907180786133 + 
Epoch: 0, Iteration: 6000, sim_simlex: SpearmanrResult(correlation=0.051088593041771116, pvalue=0.11424140264923792), sim_men: SpearmanrResult(correlation=0.06669435907465149, pvalue=0.0006812602896596213), sim_353: SpearmanrResult(correlation=0.03476460544403637, pvalue=0.5367815718096668), nearest to monster: ['monster', 'variant', 'molecules', 'holiday', 'regime', 'alliance', 'germanic', 'root', 'ring', 'issued'] + 
Epoch: 0, Iteration: 6100, Loss: 38.039878845214844 + 
Epoch: 0, Iteration: 6200, Loss: 39.426666259765625 + 
Epoch: 0, Iteration: 6300, Loss: 37.44472122192383 + 
Epoch: 0, Iteration: 6400, Loss: 35.329410552978516 + 
Epoch: 0, Iteration: 0, Loss: 420.0472106933594 + 
Epoch: 0, Iteration: 0, sim_simlex: SpearmanrResult(correlation=0.0019700779771035094, pvalue=0.951466254088347), sim_men: SpearmanrResult(correlation=-0.009202782633737446, pvalue=0.6396253529862523), sim_353: SpearmanrResult(correlation=0.04537061078248953, pvalue=0.4200681037693368), nearest to monster: ['monster', 'neck', 'electrolysis', 'enlarging', 'bordered', 'centuries', 'unedited', 'edna', 'cycling', 'reformist'] + 
Epoch: 0, Iteration: 100, Loss: 284.31500244140625 + 
Epoch: 0, Iteration: 200, Loss: 227.18214416503906 + 
Epoch: 0, Iteration: 300, Loss: 200.327392578125 + 
Epoch: 0, Iteration: 400, Loss: 158.7140655517578 + 
Epoch: 0, Iteration: 500, Loss: 141.57034301757812 + 
Epoch: 0, Iteration: 600, Loss: 110.70034790039062 + 
Epoch: 0, Iteration: 700, Loss: 121.34341430664062 + 
Epoch: 0, Iteration: 800, Loss: 90.30711364746094 + 
Epoch: 0, Iteration: 900, Loss: 94.70185852050781 + 
Epoch: 0, Iteration: 1000, Loss: 101.753173828125 + 
Epoch: 0, Iteration: 1100, Loss: 86.37313842773438 + 
Epoch: 0, Iteration: 1200, Loss: 100.24000549316406 + 
Epoch: 0, Iteration: 1300, Loss: 71.70751953125 + 
Epoch: 0, Iteration: 1400, Loss: 79.38822937011719 + 
Epoch: 0, Iteration: 1500, Loss: 71.88397979736328 + 
Epoch: 0, Iteration: 1600, Loss: 80.91532135009766 + 
Epoch: 0, Iteration: 1700, Loss: 69.96305847167969 + 
Epoch: 0, Iteration: 1800, Loss: 71.97850036621094 + 
Epoch: 0, Iteration: 1900, Loss: 58.663726806640625 + 
Epoch: 0, Iteration: 2000, Loss: 60.041080474853516 + 
Epoch: 0, Iteration: 2000, sim_simlex: SpearmanrResult(correlation=-0.05423726257091434, pvalue=0.09356324461633346), sim_men: SpearmanrResult(correlation=0.0818594855115772, pvalue=3.0221262639568453e-05), sim_353: SpearmanrResult(correlation=0.0316877779567718, pvalue=0.5734415568210247), nearest to monster: ['monster', 'doctor', 'fort', 'pay', 'faster', 'formula', 'infinite', 'multi', 'producer', 'respect'] + 
Epoch: 0, Iteration: 2100, Loss: 71.40121459960938 + 
Epoch: 0, Iteration: 2200, Loss: 65.04734802246094 + 
Epoch: 0, Iteration: 2300, Loss: 61.413814544677734 + 
Epoch: 0, Iteration: 2400, Loss: 70.31758117675781 + 
Epoch: 0, Iteration: 2500, Loss: 66.17544555664062 + 
Epoch: 0, Iteration: 2600, Loss: 51.24993896484375 + 
Epoch: 0, Iteration: 2700, Loss: 52.935340881347656 + 
Epoch: 0, Iteration: 2800, Loss: 49.36247253417969 + 
Epoch: 0, Iteration: 2900, Loss: 50.9161491394043 + 
Epoch: 0, Iteration: 3000, Loss: 43.451717376708984 + 
Epoch: 0, Iteration: 3100, Loss: 49.007843017578125 + 
Epoch: 0, Iteration: 3200, Loss: 43.392574310302734 + 
Epoch: 0, Iteration: 3300, Loss: 54.405574798583984 + 
Epoch: 0, Iteration: 3400, Loss: 60.776580810546875 + 
Epoch: 0, Iteration: 3500, Loss: 45.20916748046875 + 
Epoch: 0, Iteration: 3600, Loss: 51.5813102722168 + 
Epoch: 0, Iteration: 3700, Loss: 44.308773040771484 + 
Epoch: 0, Iteration: 3800, Loss: 44.14900207519531 + 
Epoch: 0, Iteration: 3900, Loss: 45.01665496826172 + 
Epoch: 0, Iteration: 4000, Loss: 47.372772216796875 + 
Epoch: 0, Iteration: 4000, sim_simlex: SpearmanrResult(correlation=0.010638918838110798, pvalue=0.7423835536308838), sim_men: SpearmanrResult(correlation=0.046001928656106805, pvalue=0.019196458445342183), sim_353: SpearmanrResult(correlation=0.028851461726698505, pvalue=0.6082479940486274), nearest to monster: ['monster', 'bird', 'moral', 'alliance', 'fuel', 'correct', 'exchange', 'chance', 'occupied', 'manuscript'] + 
Epoch: 0, Iteration: 4100, Loss: 42.350868225097656 + 
Epoch: 0, Iteration: 4200, Loss: 43.69796371459961 + 
Epoch: 0, Iteration: 4300, Loss: 48.27692794799805 + 
Epoch: 0, Iteration: 4400, Loss: 49.66687774658203 + 
Epoch: 0, Iteration: 4500, Loss: 45.44709777832031 + 
Epoch: 0, Iteration: 4600, Loss: 41.53733444213867 + 
Epoch: 0, Iteration: 4700, Loss: 43.68464279174805 + 
Epoch: 0, Iteration: 4800, Loss: 39.11681365966797 + 
Epoch: 0, Iteration: 4900, Loss: 47.44287872314453 + 
Epoch: 0, Iteration: 5000, Loss: 36.84070587158203 + 
Epoch: 0, Iteration: 5100, Loss: 40.89876937866211 + 
Epoch: 0, Iteration: 5200, Loss: 40.601478576660156 + 
Epoch: 0, Iteration: 5300, Loss: 42.77184295654297 + 
Epoch: 0, Iteration: 5400, Loss: 48.59614562988281 + 
Epoch: 0, Iteration: 5500, Loss: 40.66088104248047 + 
Epoch: 0, Iteration: 5600, Loss: 38.82316207885742 + 
Epoch: 0, Iteration: 5700, Loss: 46.783111572265625 + 
Epoch: 0, Iteration: 5800, Loss: 41.63261413574219 + 
Epoch: 0, Iteration: 5900, Loss: 39.42973709106445 + 
Epoch: 0, Iteration: 6000, Loss: 43.52907180786133 + 
Epoch: 0, Iteration: 6000, sim_simlex: SpearmanrResult(correlation=0.051088593041771116, pvalue=0.11424140264923792), sim_men: SpearmanrResult(correlation=0.06669435907465149, pvalue=0.0006812602896596213), sim_353: SpearmanrResult(correlation=0.03476460544403637, pvalue=0.5367815718096668), nearest to monster: ['monster', 'variant', 'molecules', 'holiday', 'regime', 'alliance', 'germanic', 'root', 'ring', 'issued'] + 
Epoch: 0, Iteration: 6100, Loss: 38.039878845214844 + 
Epoch: 0, Iteration: 6200, Loss: 39.426666259765625 + 
Epoch: 0, Iteration: 6300, Loss: 37.44472122192383 + 
Epoch: 0, Iteration: 6400, Loss: 35.329410552978516 + 
Epoch: 0, Iteration: 6500, Loss: 42.95102310180664 + 
Epoch: 0, Iteration: 6600, Loss: 37.676631927490234 + 
Epoch: 0, Iteration: 6700, Loss: 39.73900604248047 + 
Epoch: 0, Iteration: 6800, Loss: 41.471031188964844 + 
Epoch: 0, Iteration: 6900, Loss: 38.8095588684082 + 
Epoch: 0, Iteration: 7000, Loss: 38.96373748779297 + 
Epoch: 0, Iteration: 7100, Loss: 36.77530288696289 + 
Epoch: 0, Iteration: 7200, Loss: 43.454010009765625 + 
Epoch: 0, Iteration: 7300, Loss: 36.878318786621094 + 
Epoch: 0, Iteration: 7400, Loss: 36.81715393066406 + 
Epoch: 0, Iteration: 7500, Loss: 38.615074157714844 + 
Epoch: 0, Iteration: 7600, Loss: 36.39276123046875 + 
Epoch: 0, Iteration: 7700, Loss: 34.93603515625 + 
Epoch: 0, Iteration: 7800, Loss: 36.754032135009766 + 
Epoch: 0, Iteration: 7900, Loss: 41.354644775390625 + 
Epoch: 0, Iteration: 8000, Loss: 37.58092498779297 + 
Epoch: 0, Iteration: 8000, sim_simlex: SpearmanrResult(correlation=0.06393310171937115, pvalue=0.04801503901688876), sim_men: SpearmanrResult(correlation=0.0604735234068279, pvalue=0.0020731465509896056), sim_353: SpearmanrResult(correlation=0.0513994387352491, pvalue=0.360938706589346), nearest to monster: ['monster', 'variant', 'representing', 'regime', 'cast', 'bird', 'nearby', 'tone', 'involves', 'spelling'] + 
Epoch: 0, Iteration: 8100, Loss: 36.52770233154297 + 
Epoch: 0, Iteration: 8200, Loss: 34.484893798828125 + 
Epoch: 0, Iteration: 8300, Loss: 34.7541389465332 + 
Epoch: 0, Iteration: 8400, Loss: 38.178768157958984 + 
Epoch: 0, Iteration: 8500, Loss: 35.916011810302734 + 
Epoch: 0, Iteration: 8600, Loss: 33.73528289794922 + 
Epoch: 0, Iteration: 8700, Loss: 39.52542495727539 + 
Epoch: 0, Iteration: 8800, Loss: 38.8311767578125 + 
Epoch: 0, Iteration: 8900, Loss: 34.93018341064453 + 
Epoch: 0, Iteration: 9000, Loss: 34.004173278808594 + 
Epoch: 0, Iteration: 9100, Loss: 35.75531005859375 + 
Epoch: 0, Iteration: 9200, Loss: 38.01554870605469 + 
Epoch: 0, Iteration: 9300, Loss: 37.28659439086914 + 
Epoch: 0, Iteration: 9400, Loss: 33.317237854003906 + 
Epoch: 0, Iteration: 9500, Loss: 35.717437744140625 + 
Epoch: 0, Iteration: 9600, Loss: 34.38858413696289 + 
Epoch: 0, Iteration: 9700, Loss: 34.69858932495117 + 
Epoch: 0, Iteration: 9800, Loss: 34.677101135253906 + 
Epoch: 0, Iteration: 9900, Loss: 37.00897979736328 + 
Epoch: 0, Iteration: 10000, Loss: 33.949745178222656 + 
Epoch: 0, Iteration: 10000, sim_simlex: SpearmanrResult(correlation=0.06875400689426901, pvalue=0.03344742905568944), sim_men: SpearmanrResult(correlation=0.06271920652679885, pvalue=0.0014025341652727527), sim_353: SpearmanrResult(correlation=0.048424301422669756, pvalue=0.38943994687726535), nearest to monster: ['monster', 'successor', 'representing', 'historic', 'angle', 'reverse', 'judicial', 'gun', 'tone', 'train'] + 
Epoch: 0, Iteration: 10100, Loss: 34.18959045410156 + 
Epoch: 0, Iteration: 10200, Loss: 34.47010040283203 + 
Epoch: 0, Iteration: 10300, Loss: 34.147605895996094 + 
Epoch: 0, Iteration: 10400, Loss: 33.462669372558594 + 
Epoch: 0, Iteration: 10500, Loss: 34.37248992919922 + 
Epoch: 0, Iteration: 10600, Loss: 33.982337951660156 + 
Epoch: 0, Iteration: 10700, Loss: 33.84477996826172 + 
Epoch: 0, Iteration: 10800, Loss: 35.04205322265625 + 
Epoch: 0, Iteration: 10900, Loss: 33.93778991699219 + 
Epoch: 0, Iteration: 11000, Loss: 34.203407287597656 + 
Epoch: 0, Iteration: 11100, Loss: 33.75571823120117 + 
Epoch: 0, Iteration: 11200, Loss: 34.792564392089844 + 
Epoch: 0, Iteration: 11300, Loss: 33.07258224487305 + 
Epoch: 0, Iteration: 11400, Loss: 35.273048400878906 + 
Epoch: 0, Iteration: 11500, Loss: 33.3895263671875 + 
Epoch: 0, Iteration: 11600, Loss: 34.31641387939453 + 
Epoch: 0, Iteration: 11700, Loss: 34.345252990722656 + 
Epoch: 0, Iteration: 11800, Loss: 33.765892028808594 + 
Epoch: 0, Iteration: 11900, Loss: 36.451507568359375 + 
Epoch: 0, Iteration: 12000, Loss: 33.716087341308594 + 
Epoch: 0, Iteration: 12000, sim_simlex: SpearmanrResult(correlation=0.07447929451620632, pvalue=0.0212093046640061), sim_men: SpearmanrResult(correlation=0.07270618245618554, pvalue=0.00021222854131296395), sim_353: SpearmanrResult(correlation=0.051491799536109994, pvalue=0.360075273777953), nearest to monster: ['monster', 'successor', 'sector', 'representing', 'rebellion', 'involves', 'bird', 'judicial', 'monarchy', 'train'] + 
Epoch: 0, Iteration: 12100, Loss: 35.40479278564453 + 
Epoch: 0, Iteration: 12200, Loss: 36.805030822753906 + 
Epoch: 0, Iteration: 12300, Loss: 33.98078155517578 + 
Epoch: 0, Iteration: 12400, Loss: 33.969764709472656 + 
Epoch: 0, Iteration: 12500, Loss: 33.640289306640625 + 
Epoch: 0, Iteration: 12600, Loss: 31.956928253173828 + 
Epoch: 0, Iteration: 12700, Loss: 32.40511703491211 + 
Epoch: 0, Iteration: 12800, Loss: 34.49580383300781 + 
Epoch: 0, Iteration: 12900, Loss: 33.61573791503906 + 
Epoch: 0, Iteration: 13000, Loss: 33.04637908935547 + 
Epoch: 0, Iteration: 13100, Loss: 35.76789855957031 + 
Epoch: 0, Iteration: 13200, Loss: 33.17756652832031 + 
Epoch: 0, Iteration: 13300, Loss: 36.65663146972656 + 
Epoch: 0, Iteration: 13400, Loss: 33.307701110839844 + 
Epoch: 0, Iteration: 13500, Loss: 32.399322509765625 + 
Epoch: 0, Iteration: 13600, Loss: 33.83322525024414 + 
Epoch: 0, Iteration: 13700, Loss: 32.74430847167969 + 
Epoch: 0, Iteration: 13800, Loss: 34.24613952636719 + 
Epoch: 0, Iteration: 13900, Loss: 36.77201843261719 + 
Epoch: 0, Iteration: 14000, Loss: 33.31922912597656 + 
Epoch: 0, Iteration: 14000, sim_simlex: SpearmanrResult(correlation=0.07646164331666674, pvalue=0.017993816521937114), sim_men: SpearmanrResult(correlation=0.07691966291906725, pvalue=8.881664736155966e-05), sim_353: SpearmanrResult(correlation=0.058774495330859745, pvalue=0.29608049387816504), nearest to monster: ['monster', 'bird', 'successor', 'rebellion', 'tone', 'judicial', 'circuit', 'representing', 'historic', 'scenes'] + 
Epoch: 0, Iteration: 14100, Loss: 33.58790588378906 + 
Epoch: 0, Iteration: 14200, Loss: 32.81787872314453 + 
Epoch: 0, Iteration: 14300, Loss: 33.54824447631836 + 
Epoch: 0, Iteration: 14400, Loss: 33.09541320800781 + 
Epoch: 0, Iteration: 14500, Loss: 31.868568420410156 + 
Epoch: 0, Iteration: 14600, Loss: 32.74940490722656 + 
Epoch: 0, Iteration: 14700, Loss: 32.905738830566406 + 
Epoch: 0, Iteration: 14800, Loss: 33.043540954589844 + 
Epoch: 0, Iteration: 14900, Loss: 32.61592483520508 + 
Epoch: 0, Iteration: 15000, Loss: 32.62445068359375 + 
Epoch: 0, Iteration: 15100, Loss: 33.5433349609375 + 
Epoch: 0, Iteration: 15200, Loss: 33.042327880859375 + 
Epoch: 0, Iteration: 15300, Loss: 32.28508758544922 + 
Epoch: 0, Iteration: 15400, Loss: 32.427955627441406 + 
Epoch: 0, Iteration: 15500, Loss: 31.549833297729492 + 
Epoch: 0, Iteration: 15600, Loss: 32.45429229736328 + 
Epoch: 0, Iteration: 15700, Loss: 32.93018341064453 + 
Epoch: 0, Iteration: 15800, Loss: 32.842018127441406 + 
Epoch: 0, Iteration: 15900, Loss: 32.988853454589844 + 
Epoch: 0, Iteration: 16000, Loss: 31.561500549316406 + 
Epoch: 0, Iteration: 16000, sim_simlex: SpearmanrResult(correlation=0.0787875072604115, pvalue=0.014771656833343562), sim_men: SpearmanrResult(correlation=0.07667859647400695, pvalue=9.346726580401961e-05), sim_353: SpearmanrResult(correlation=0.06204313474395256, pvalue=0.2699864729507073), nearest to monster: ['monster', 'variable', 'disc', 'bird', 'tone', 'producing', 'representing', 'circuit', 'successor', 'rebellion'] + 
Epoch: 0, Iteration: 16100, Loss: 33.18431854248047 + 
Epoch: 0, Iteration: 16200, Loss: 32.442718505859375 + 
Epoch: 0, Iteration: 16300, Loss: 34.00056076049805 + 
Epoch: 0, Iteration: 16400, Loss: 33.147369384765625 + 
Epoch: 0, Iteration: 16500, Loss: 32.9921760559082 + 
Epoch: 0, Iteration: 16600, Loss: 31.953096389770508 + 
Epoch: 0, Iteration: 16700, Loss: 32.616146087646484 + 
Epoch: 0, Iteration: 16800, Loss: 32.589515686035156 + 
Epoch: 0, Iteration: 16900, Loss: 32.87285232543945 + 
Epoch: 0, Iteration: 17000, Loss: 32.70005416870117 + 
Epoch: 0, Iteration: 17100, Loss: 31.74180030822754 + 
Epoch: 0, Iteration: 17200, Loss: 32.82818603515625 + 
Epoch: 0, Iteration: 17300, Loss: 32.86033248901367 + 
Epoch: 0, Iteration: 17400, Loss: 32.9487190246582 + 
Epoch: 0, Iteration: 17500, Loss: 32.97043228149414 + 
Epoch: 0, Iteration: 17600, Loss: 32.9542236328125 + 
Epoch: 0, Iteration: 17700, Loss: 32.550533294677734 + 
Epoch: 0, Iteration: 17800, Loss: 33.13445281982422 + 
Epoch: 0, Iteration: 17900, Loss: 32.11078643798828 + 
Epoch: 0, Iteration: 18000, Loss: 33.12004089355469 + 
Epoch: 0, Iteration: 18000, sim_simlex: SpearmanrResult(correlation=0.08127178648211607, pvalue=0.011901479312282215), sim_men: SpearmanrResult(correlation=0.07800300362637798, pvalue=7.048597770781739e-05), sim_353: SpearmanrResult(correlation=0.08161130975301166, pvalue=0.14649320445965988), nearest to monster: ['monster', 'successor', 'bears', 'tone', 'variable', 'route', 'angle', 'layer', 'bird', 'socialist'] + 
Epoch: 0, Iteration: 18100, Loss: 31.738508224487305 + 
Epoch: 0, Iteration: 18200, Loss: 33.21965408325195 + 
Epoch: 0, Iteration: 18300, Loss: 32.14775848388672 + 
Epoch: 0, Iteration: 18400, Loss: 32.269752502441406 + 
Epoch: 0, Iteration: 18500, Loss: 32.92385482788086 + 
Epoch: 0, Iteration: 18600, Loss: 32.4063835144043 + 
Epoch: 0, Iteration: 18700, Loss: 32.02962112426758 + 
Epoch: 0, Iteration: 18800, Loss: 32.528541564941406 + 
Epoch: 0, Iteration: 18900, Loss: 32.732295989990234 + 
Epoch: 0, Iteration: 19000, Loss: 32.784523010253906 + 
Epoch: 0, Iteration: 19100, Loss: 31.941869735717773 + 
Epoch: 0, Iteration: 19200, Loss: 33.340126037597656 + 
Epoch: 0, Iteration: 19300, Loss: 32.04841995239258 + 
Epoch: 0, Iteration: 19400, Loss: 33.437965393066406 + 
Epoch: 0, Iteration: 19500, Loss: 32.38529968261719 + 
Epoch: 0, Iteration: 19600, Loss: 33.24244689941406 + 
Epoch: 0, Iteration: 19700, Loss: 32.15034484863281 + 
Epoch: 0, Iteration: 19800, Loss: 33.021202087402344 + 
Epoch: 0, Iteration: 19900, Loss: 32.10142517089844 + 
Epoch: 0, Iteration: 20000, Loss: 32.21339416503906 + 
Epoch: 0, Iteration: 20000, sim_simlex: SpearmanrResult(correlation=0.08315364933316846, pvalue=0.010067890448276136), sim_men: SpearmanrResult(correlation=0.08019138456135372, pvalue=4.379224237246735e-05), sim_353: SpearmanrResult(correlation=0.0865892770381985, pvalue=0.1233355673009992), nearest to monster: ['monster', 'bird', 'successor', 'beautiful', 'tone', 'bears', 'angle', 'reverse', 'layer', 'disc'] + 
Epoch: 0, Iteration: 20100, Loss: 33.4405403137207 + 
Epoch: 0, Iteration: 20200, Loss: 33.033721923828125 + 
Epoch: 0, Iteration: 20300, Loss: 32.37370681762695 + 
Epoch: 0, Iteration: 20400, Loss: 31.75547218322754 + 
Epoch: 0, Iteration: 20500, Loss: 32.16868591308594 + 
Epoch: 0, Iteration: 20600, Loss: 31.656726837158203 + 
Epoch: 0, Iteration: 20700, Loss: 32.845916748046875 + 
Epoch: 0, Iteration: 20800, Loss: 32.630775451660156 + 
Epoch: 0, Iteration: 20900, Loss: 35.21437454223633 + 
Epoch: 0, Iteration: 21000, Loss: 31.86945152282715 + 
Epoch: 0, Iteration: 21100, Loss: 31.43663787841797 + 
Epoch: 0, Iteration: 21200, Loss: 32.12615203857422 + 
Epoch: 0, Iteration: 21300, Loss: 31.91967010498047 + 
Epoch: 0, Iteration: 21400, Loss: 32.23851013183594 + 
Epoch: 0, Iteration: 21500, Loss: 32.11756134033203 + 
Epoch: 0, Iteration: 21600, Loss: 32.848663330078125 + 
Epoch: 0, Iteration: 21700, Loss: 31.984315872192383 + 
Epoch: 0, Iteration: 21800, Loss: 32.02534866333008 + 
Epoch: 0, Iteration: 21900, Loss: 32.75312805175781 + 
Epoch: 0, Iteration: 22000, Loss: 31.684791564941406 + 
Epoch: 0, Iteration: 22000, sim_simlex: SpearmanrResult(correlation=0.08359386813492262, pvalue=0.0096770444459749), sim_men: SpearmanrResult(correlation=0.08176878798666898, pvalue=3.084249680603058e-05), sim_353: SpearmanrResult(correlation=0.08715482367942948, pvalue=0.12089556695237587), nearest to monster: ['monster', 'bird', 'tone', 'matrix', 'reverse', 'disc', 'beautiful', 'angle', 'bears', 'variant'] + 
Epoch: 0, Iteration: 22100, Loss: 32.18558883666992 + 
Epoch: 0, Iteration: 22200, Loss: 31.916460037231445 + 
Epoch: 0, Iteration: 22300, Loss: 32.84870147705078 + 
Epoch: 0, Iteration: 22400, Loss: 32.07640838623047 + 
Epoch: 0, Iteration: 22500, Loss: 31.401077270507812 + 
Epoch: 0, Iteration: 22600, Loss: 31.846588134765625 + 
Epoch: 0, Iteration: 22700, Loss: 31.737071990966797 + 
Epoch: 0, Iteration: 22800, Loss: 32.47294235229492 + 
Epoch: 0, Iteration: 22900, Loss: 31.917499542236328 + 
Epoch: 0, Iteration: 23000, Loss: 35.562477111816406 + 
Epoch: 0, Iteration: 23100, Loss: 31.878772735595703 + 
Epoch: 0, Iteration: 23200, Loss: 31.655466079711914 + 
Epoch: 0, Iteration: 23300, Loss: 32.82836151123047 + 
Epoch: 0, Iteration: 23400, Loss: 32.14256286621094 + 
Epoch: 0, Iteration: 23500, Loss: 31.60209846496582 + 
Epoch: 0, Iteration: 23600, Loss: 31.73780059814453 + 
Epoch: 0, Iteration: 23700, Loss: 31.5548095703125 + 
Epoch: 0, Iteration: 23800, Loss: 31.607624053955078 + 
Epoch: 0, Iteration: 23900, Loss: 31.886613845825195 + 
Epoch: 0, Iteration: 24000, Loss: 31.362937927246094 + 
Epoch: 0, Iteration: 24000, sim_simlex: SpearmanrResult(correlation=0.08560565125664209, pvalue=0.008057505808367055), sim_men: SpearmanrResult(correlation=0.08236103198466542, pvalue=2.699494071361486e-05), sim_353: SpearmanrResult(correlation=0.08663909589442044, pvalue=0.12311910307960017), nearest to monster: ['monster', 'bird', 'reverse', 'tone', 'arm', 'variant', 'spelling', 'angle', 'enemies', 'compound'] + 
Epoch: 0, Iteration: 24100, Loss: 31.624385833740234 + 
Epoch: 0, Iteration: 24200, Loss: 31.976972579956055 + 
Epoch: 0, Iteration: 24300, Loss: 34.487937927246094 + 
Epoch: 0, Iteration: 24400, Loss: 31.509849548339844 + 
Epoch: 0, Iteration: 24500, Loss: 31.510337829589844 + 
Epoch: 0, Iteration: 24600, Loss: 32.034996032714844 + 
Epoch: 0, Iteration: 24700, Loss: 32.089813232421875 + 
Epoch: 0, Iteration: 24800, Loss: 31.50778579711914 + 
Epoch: 0, Iteration: 24900, Loss: 32.87981033325195 + 
Epoch: 0, Iteration: 25000, Loss: 31.6632080078125 + 
Epoch: 0, Iteration: 25100, Loss: 31.927465438842773 + 
Epoch: 0, Iteration: 25200, Loss: 32.25490188598633 + 
Epoch: 0, Iteration: 25300, Loss: 31.551496505737305 + 
Epoch: 0, Iteration: 25400, Loss: 31.57404327392578 + 
Epoch: 0, Iteration: 25500, Loss: 31.94550323486328 + 
Epoch: 0, Iteration: 25600, Loss: 30.896289825439453 + 
Epoch: 0, Iteration: 25700, Loss: 31.616172790527344 + 
Epoch: 0, Iteration: 25800, Loss: 31.62902069091797 + 
Epoch: 0, Iteration: 25900, Loss: 32.1336669921875 + 
Epoch: 0, Iteration: 26000, Loss: 31.97478485107422 + 
Epoch: 0, Iteration: 26000, sim_simlex: SpearmanrResult(correlation=0.08622289759557966, pvalue=0.007611671734224364), sim_men: SpearmanrResult(correlation=0.08401893155914794, pvalue=1.8502971987496163e-05), sim_353: SpearmanrResult(correlation=0.09425503692217531, pvalue=0.09336144529541085), nearest to monster: ['monster', 'bird', 'reverse', 'matrix', 'tone', 'script', 'compound', 'electron', 'arm', 'angle'] + 
Epoch: 0, Iteration: 26100, Loss: 32.40390396118164 + 
Epoch: 0, Iteration: 26200, Loss: 31.7872371673584 + 
Epoch: 0, Iteration: 26300, Loss: 32.09114074707031 + 
Epoch: 0, Iteration: 26400, Loss: 32.34202575683594 + 
Epoch: 0, Iteration: 26500, Loss: 31.762298583984375 + 
Epoch: 0, Iteration: 26600, Loss: 32.13227844238281 + 
Epoch: 0, Iteration: 26700, Loss: 31.907726287841797 + 
Epoch: 0, Iteration: 26800, Loss: 31.465255737304688 + 
Epoch: 0, Iteration: 26900, Loss: 31.86020278930664 + 
Epoch: 0, Iteration: 27000, Loss: 32.59815216064453 + 
Epoch: 0, Iteration: 27100, Loss: 31.869844436645508 + 
Epoch: 0, Iteration: 27200, Loss: 31.8170166015625 + 
Epoch: 0, Iteration: 27300, Loss: 32.36161804199219 + 
Epoch: 0, Iteration: 27400, Loss: 31.50659942626953 + 
Epoch: 0, Iteration: 27500, Loss: 31.347015380859375 + 
Epoch: 0, Iteration: 27600, Loss: 31.719648361206055 + 
Epoch: 0, Iteration: 27700, Loss: 32.37107849121094 + 
Epoch: 0, Iteration: 27800, Loss: 31.37725067138672 + 
Epoch: 0, Iteration: 27900, Loss: 31.821971893310547 + 
Epoch: 0, Iteration: 28000, Loss: 31.995880126953125 + 
Epoch: 0, Iteration: 28000, sim_simlex: SpearmanrResult(correlation=0.08957440834835476, pvalue=0.005554623347870716), sim_men: SpearmanrResult(correlation=0.08438040728741374, pvalue=1.702447027997995e-05), sim_353: SpearmanrResult(correlation=0.09845885276741914, pvalue=0.07958129660229872), nearest to monster: ['monster', 'matrix', 'entitled', 'variant', 'tone', 'arm', 'citizen', 'reverse', 'electron', 'bird'] + 
Epoch: 0, Iteration: 28100, Loss: 32.184654235839844 + 
Epoch: 0, Iteration: 28200, Loss: 31.340923309326172 + 
Epoch: 0, Iteration: 28300, Loss: 32.03858947753906 + 
Epoch: 0, Iteration: 28400, Loss: 32.16404724121094 + 
Epoch: 0, Iteration: 28500, Loss: 32.40228271484375 + 
Epoch: 0, Iteration: 28600, Loss: 31.331323623657227 + 
Epoch: 0, Iteration: 28700, Loss: 32.14836883544922 + 
Epoch: 0, Iteration: 28800, Loss: 31.255443572998047 + 
Epoch: 0, Iteration: 28900, Loss: 32.209312438964844 + 
Epoch: 0, Iteration: 29000, Loss: 32.05784606933594 + 
Epoch: 0, Iteration: 29100, Loss: 31.182313919067383 + 
Epoch: 0, Iteration: 29200, Loss: 31.52496337890625 + 
Epoch: 0, Iteration: 29300, Loss: 31.100242614746094 + 
Epoch: 0, Iteration: 29400, Loss: 31.831829071044922 + 
Epoch: 0, Iteration: 29500, Loss: 31.54121971130371 + 
Epoch: 0, Iteration: 29600, Loss: 31.632007598876953 + 
Epoch: 0, Iteration: 29700, Loss: 31.802955627441406 + 
Epoch: 0, Iteration: 29800, Loss: 32.011959075927734 + 
Epoch: 0, Iteration: 29900, Loss: 31.291614532470703 + 
Epoch: 0, Iteration: 30000, Loss: 31.362550735473633 + 
Epoch: 0, Iteration: 30000, sim_simlex: SpearmanrResult(correlation=0.09016587401520054, pvalue=0.005248693808541508), sim_men: SpearmanrResult(correlation=0.0859739502034607, pvalue=1.1746615451398043e-05), sim_353: SpearmanrResult(correlation=0.10332729320390836, pvalue=0.06572975902768106), nearest to monster: ['monster', 'bird', 'matrix', 'tone', 'citizen', 'coalition', 'brand', 'platform', 'reverse', 'entitled'] + 
Epoch: 0, Iteration: 30100, Loss: 31.693002700805664 + 
Epoch: 0, Iteration: 30200, Loss: 31.4464054107666 + 
Epoch: 0, Iteration: 30300, Loss: 31.79656219482422 + 
Epoch: 0, Iteration: 30400, Loss: 31.16046905517578 + 
Epoch: 0, Iteration: 30500, Loss: 31.95830535888672 + 
Epoch: 0, Iteration: 30600, Loss: 32.091583251953125 + 
Epoch: 0, Iteration: 30700, Loss: 32.251953125 + 
Epoch: 0, Iteration: 30800, Loss: 31.831863403320312 + 
Epoch: 0, Iteration: 30900, Loss: 31.388572692871094 + 
Epoch: 0, Iteration: 31000, Loss: 31.818668365478516 + 
Epoch: 0, Iteration: 31100, Loss: 31.629934310913086 + 
Epoch: 0, Iteration: 31200, Loss: 30.86712646484375 + 
Epoch: 0, Iteration: 31300, Loss: 31.949047088623047 + 
Epoch: 0, Iteration: 31400, Loss: 31.066051483154297 + 
Epoch: 0, Iteration: 31500, Loss: 31.706134796142578 + 
Epoch: 0, Iteration: 31600, Loss: 31.406986236572266 + 
Epoch: 0, Iteration: 31700, Loss: 31.794878005981445 + 
Epoch: 0, Iteration: 31800, Loss: 31.233959197998047 + 
Epoch: 0, Iteration: 31900, Loss: 31.13622283935547 + 
Epoch: 0, Iteration: 32000, Loss: 30.887086868286133 + 
Epoch: 0, Iteration: 32000, sim_simlex: SpearmanrResult(correlation=0.09096409684473102, pvalue=0.004859923564202092), sim_men: SpearmanrResult(correlation=0.08725384731269577, pvalue=8.678451784492311e-06), sim_353: SpearmanrResult(correlation=0.10690865322759278, pvalue=0.056857048745413356), nearest to monster: ['monster', 'bird', 'brand', 'citizen', 'tone', 'partner', 'arm', 'label', 'beautiful', 'coalition'] + 
Epoch: 0, Iteration: 32100, Loss: 31.733108520507812 + 
Epoch: 0, Iteration: 32200, Loss: 31.864730834960938 + 
Epoch: 0, Iteration: 32300, Loss: 32.46755599975586 + 
Epoch: 0, Iteration: 32400, Loss: 31.689226150512695 + 
Epoch: 0, Iteration: 32500, Loss: 31.4992618560791 + 
Epoch: 0, Iteration: 32600, Loss: 31.550683975219727 + 
Epoch: 0, Iteration: 32700, Loss: 31.436187744140625 + 
Epoch: 0, Iteration: 32800, Loss: 31.340465545654297 + 
Epoch: 0, Iteration: 32900, Loss: 31.124563217163086 + 
Epoch: 0, Iteration: 33000, Loss: 31.144989013671875 + 
Epoch: 0, Iteration: 33100, Loss: 31.01858901977539 + 
Epoch: 0, Iteration: 33200, Loss: 31.553728103637695 + 
Epoch: 0, Iteration: 33300, Loss: 31.877708435058594 + 
Epoch: 0, Iteration: 33400, Loss: 31.577560424804688 + 
Epoch: 0, Iteration: 33500, Loss: 31.651992797851562 + 
Epoch: 0, Iteration: 33600, Loss: 31.84514808654785 + 
Epoch: 0, Iteration: 33700, Loss: 31.545331954956055 + 
Epoch: 0, Iteration: 33800, Loss: 31.321395874023438 + 
Epoch: 0, Iteration: 33900, Loss: 31.52518081665039 + 
Epoch: 0, Iteration: 34000, Loss: 31.667600631713867 + 
Epoch: 0, Iteration: 34000, sim_simlex: SpearmanrResult(correlation=0.09280914985064148, pvalue=0.004058979523750171), sim_men: SpearmanrResult(correlation=0.08824626467448494, pvalue=6.8431311026146945e-06), sim_353: SpearmanrResult(correlation=0.11035231169363006, pvalue=0.04928441186513737), nearest to monster: ['monster', 'bird', 'brand', 'label', 'platform', 'partner', 'beautiful', 'arm', 'matrix', 'citizen'] + 
Epoch: 0, Iteration: 34100, Loss: 31.838857650756836 + 
Epoch: 0, Iteration: 34200, Loss: 31.311077117919922 + 
Epoch: 0, Iteration: 34300, Loss: 31.148305892944336 + 
Epoch: 0, Iteration: 34400, Loss: 31.611976623535156 + 
Epoch: 0, Iteration: 34500, Loss: 30.9212646484375 + 
Epoch: 0, Iteration: 34600, Loss: 30.931737899780273 + 
Epoch: 0, Iteration: 34700, Loss: 31.3848819732666 + 
Epoch: 0, Iteration: 34800, Loss: 31.765872955322266 + 
Epoch: 0, Iteration: 34900, Loss: 31.426462173461914 + 
Epoch: 0, Iteration: 35000, Loss: 31.794984817504883 + 
Epoch: 0, Iteration: 35100, Loss: 31.393234252929688 + 
Epoch: 0, Iteration: 35200, Loss: 31.780029296875 + 
Epoch: 0, Iteration: 35300, Loss: 31.216251373291016 + 
Epoch: 0, Iteration: 35400, Loss: 31.178903579711914 + 
Epoch: 0, Iteration: 35500, Loss: 30.99987030029297 + 
Epoch: 0, Iteration: 35600, Loss: 31.679594039916992 + 
Epoch: 0, Iteration: 35700, Loss: 31.88220977783203 + 
Epoch: 0, Iteration: 35800, Loss: 30.603778839111328 + 
Epoch: 0, Iteration: 35900, Loss: 31.232269287109375 + 
Epoch: 0, Iteration: 36000, Loss: 31.32459831237793 + 
Epoch: 0, Iteration: 36000, sim_simlex: SpearmanrResult(correlation=0.09407790061895722, pvalue=0.003579767300045428), sim_men: SpearmanrResult(correlation=0.08930855872978256, pvalue=5.291680119618341e-06), sim_353: SpearmanrResult(correlation=0.1087605339317226, pvalue=0.05267303521352266), nearest to monster: ['monster', 'bird', 'brand', 'platform', 'matrix', 'arm', 'option', 'entitled', 'label', 'keyboard'] + 
Epoch: 0, Iteration: 36100, Loss: 31.53122329711914 + 
Epoch: 0, Iteration: 36200, Loss: 31.288074493408203 + 
Epoch: 0, Iteration: 36300, Loss: 31.404634475708008 + 
Epoch: 0, Iteration: 36400, Loss: 31.36019515991211 + 
Epoch: 0, Iteration: 36500, Loss: 31.217166900634766 + 
Epoch: 0, Iteration: 36600, Loss: 31.64358901977539 + 
Epoch: 0, Iteration: 36700, Loss: 31.7376708984375 + 
Epoch: 0, Iteration: 36800, Loss: 30.56097984313965 + 
Epoch: 0, Iteration: 36900, Loss: 31.601211547851562 + 
Epoch: 0, Iteration: 37000, Loss: 31.210582733154297 + 
Epoch: 0, Iteration: 37100, Loss: 30.92129135131836 + 
Epoch: 0, Iteration: 37200, Loss: 31.69492530822754 + 
Epoch: 0, Iteration: 37300, Loss: 31.232669830322266 + 
Epoch: 0, Iteration: 37400, Loss: 31.859256744384766 + 
Epoch: 0, Iteration: 37500, Loss: 30.834280014038086 + 
Epoch: 0, Iteration: 37600, Loss: 31.462900161743164 + 
Epoch: 0, Iteration: 37700, Loss: 31.24684715270996 + 
Epoch: 0, Iteration: 37800, Loss: 31.590885162353516 + 
Epoch: 0, Iteration: 37900, Loss: 31.436962127685547 + 
Epoch: 0, Iteration: 38000, Loss: 31.575069427490234 + 
Epoch: 0, Iteration: 38000, sim_simlex: SpearmanrResult(correlation=0.09505607499174747, pvalue=0.003246043590423405), sim_men: SpearmanrResult(correlation=0.09200482452680683, pvalue=2.719934526706548e-06), sim_353: SpearmanrResult(correlation=0.10813957080997509, pvalue=0.05404649374186544), nearest to monster: ['monster', 'bird', 'brand', 'leg', 'matrix', 'platform', 'keyboard', 'label', 'vehicle', 'option'] + 
Epoch: 0, Iteration: 38100, Loss: 31.3687744140625 + 
Epoch: 0, Iteration: 38200, Loss: 31.321943283081055 + 
Epoch: 0, Iteration: 38300, Loss: 31.598608016967773 + 
Epoch: 0, Iteration: 38400, Loss: 31.39269256591797 + 
Epoch: 0, Iteration: 38500, Loss: 31.384431838989258 + 
Epoch: 0, Iteration: 38600, Loss: 31.690677642822266 + 
Epoch: 0, Iteration: 38700, Loss: 31.5372371673584 + 
Epoch: 0, Iteration: 38800, Loss: 31.35759735107422 + 
Epoch: 0, Iteration: 38900, Loss: 31.519542694091797 + 
Epoch: 0, Iteration: 39000, Loss: 31.43309783935547 + 
Epoch: 0, Iteration: 39100, Loss: 31.730472564697266 + 
Epoch: 0, Iteration: 39200, Loss: 30.91714096069336 + 
Epoch: 0, Iteration: 39300, Loss: 31.440980911254883 + 
Epoch: 0, Iteration: 39400, Loss: 31.070131301879883 + 
Epoch: 0, Iteration: 39500, Loss: 31.175678253173828 + 
Epoch: 0, Iteration: 39600, Loss: 31.105194091796875 + 
Epoch: 0, Iteration: 39700, Loss: 31.18213653564453 + 
Epoch: 0, Iteration: 39800, Loss: 30.561561584472656 + 
Epoch: 0, Iteration: 39900, Loss: 31.68598175048828 + 
Epoch: 0, Iteration: 40000, Loss: 31.407066345214844 + 
Epoch: 0, Iteration: 40000, sim_simlex: SpearmanrResult(correlation=0.0991110074584028, pvalue=0.0021435018364413362), sim_men: SpearmanrResult(correlation=0.09273534437258334, pvalue=2.2638972822438656e-06), sim_353: SpearmanrResult(correlation=0.11286191325237528, pvalue=0.04431271839881549), nearest to monster: ['monster', 'bird', 'brand', 'cat', 'matrix', 'script', 'leg', 'noun', 'vehicle', 'label'] + 
Epoch: 0, Iteration: 40100, Loss: 31.10114288330078 + 
Epoch: 0, Iteration: 40200, Loss: 31.330188751220703 + 
Epoch: 0, Iteration: 40300, Loss: 31.064105987548828 + 
Epoch: 0, Iteration: 40400, Loss: 30.98986053466797 + 
Epoch: 0, Iteration: 40500, Loss: 31.012998580932617 + 
Epoch: 0, Iteration: 40600, Loss: 31.41335105895996 + 
Epoch: 0, Iteration: 40700, Loss: 31.389110565185547 + 
Epoch: 0, Iteration: 40800, Loss: 31.567424774169922 + 
Epoch: 0, Iteration: 40900, Loss: 31.38597297668457 + 
Epoch: 0, Iteration: 41000, Loss: 31.768157958984375 + 
Epoch: 0, Iteration: 41100, Loss: 31.355424880981445 + 
Epoch: 0, Iteration: 41200, Loss: 31.199623107910156 + 
Epoch: 0, Iteration: 41300, Loss: 31.26603889465332 + 
Epoch: 0, Iteration: 41400, Loss: 31.18938446044922 + 
Epoch: 0, Iteration: 41500, Loss: 31.582271575927734 + 
Epoch: 0, Iteration: 41600, Loss: 30.779640197753906 + 
Epoch: 0, Iteration: 41700, Loss: 31.417556762695312 + 
Epoch: 0, Iteration: 41800, Loss: 31.50091552734375 + 
Epoch: 0, Iteration: 41900, Loss: 31.28394889831543 + 
Epoch: 0, Iteration: 42000, Loss: 31.02944564819336 + 
Epoch: 0, Iteration: 42000, sim_simlex: SpearmanrResult(correlation=0.10045907731454821, pvalue=0.0018610408580630347), sim_men: SpearmanrResult(correlation=0.09353437614184756, pvalue=1.8492675688663028e-06), sim_353: SpearmanrResult(correlation=0.11800575680415874, pvalue=0.03542978009310601), nearest to monster: ['monster', 'brand', 'bird', 'leg', 'script', 'label', 'matrix', 'cat', 'vehicle', 'boat'] + 
Epoch: 0, Iteration: 42100, Loss: 31.112442016601562 + 
Epoch: 0, Iteration: 42200, Loss: 31.434364318847656 + 
Epoch: 0, Iteration: 42300, Loss: 31.487966537475586 + 
Epoch: 0, Iteration: 42400, Loss: 31.008499145507812 + 
Epoch: 0, Iteration: 42500, Loss: 30.592416763305664 + 
Epoch: 0, Iteration: 42600, Loss: 31.06757354736328 + 
Epoch: 0, Iteration: 42700, Loss: 31.346149444580078 + 
Epoch: 0, Iteration: 42800, Loss: 31.36149787902832 + 
Epoch: 0, Iteration: 42900, Loss: 31.11737823486328 + 
Epoch: 0, Iteration: 43000, Loss: 31.204526901245117 + 
Epoch: 0, Iteration: 43100, Loss: 30.887096405029297 + 
Epoch: 0, Iteration: 43200, Loss: 31.36789321899414 + 
Epoch: 0, Iteration: 43300, Loss: 31.35933494567871 + 
Epoch: 0, Iteration: 43400, Loss: 31.048959732055664 + 
Epoch: 0, Iteration: 43500, Loss: 30.673429489135742 + 
Epoch: 0, Iteration: 43600, Loss: 31.343597412109375 + 
Epoch: 0, Iteration: 43700, Loss: 31.24388885498047 + 
Epoch: 0, Iteration: 43800, Loss: 31.702213287353516 + 
Epoch: 0, Iteration: 43900, Loss: 31.46343421936035 + 
Epoch: 0, Iteration: 44000, Loss: 31.260622024536133 + 
Epoch: 0, Iteration: 44000, sim_simlex: SpearmanrResult(correlation=0.10038741181975908, pvalue=0.0018751524710918658), sim_men: SpearmanrResult(correlation=0.09497967175888795, pvalue=1.2772482769650378e-06), sim_353: SpearmanrResult(correlation=0.12418572061287249, pvalue=0.026800825652599298), nearest to monster: ['monster', 'bird', 'brand', 'leg', 'vehicle', 'shell', 'matrix', 'script', 'operator', 'cult'] + 
Epoch: 0, Iteration: 44100, Loss: 31.31401824951172 + 
Epoch: 0, Iteration: 44200, Loss: 31.448280334472656 + 
Epoch: 0, Iteration: 44300, Loss: 31.026086807250977 + 
Epoch: 0, Iteration: 44400, Loss: 31.42764663696289 + 
Epoch: 0, Iteration: 44500, Loss: 31.616687774658203 + 
Epoch: 0, Iteration: 44600, Loss: 31.694021224975586 + 
Epoch: 0, Iteration: 44700, Loss: 31.49552345275879 + 
Epoch: 0, Iteration: 44800, Loss: 31.322303771972656 + 
Epoch: 0, Iteration: 44900, Loss: 31.7589111328125 + 
Epoch: 0, Iteration: 45000, Loss: 31.173397064208984 + 
Epoch: 0, Iteration: 45100, Loss: 31.18987274169922 + 
Epoch: 0, Iteration: 45200, Loss: 31.557601928710938 + 
Epoch: 0, Iteration: 45300, Loss: 31.423446655273438 + 
Epoch: 0, Iteration: 45400, Loss: 30.912982940673828 + 
Epoch: 0, Iteration: 45500, Loss: 30.983112335205078 + 
Epoch: 0, Iteration: 45600, Loss: 32.03722381591797 + 
Epoch: 0, Iteration: 45700, Loss: 31.011552810668945 + 
Epoch: 0, Iteration: 45800, Loss: 31.000774383544922 + 
Epoch: 0, Iteration: 45900, Loss: 31.189109802246094 + 
Epoch: 0, Iteration: 46000, Loss: 31.457317352294922 + 
Epoch: 0, Iteration: 46000, sim_simlex: SpearmanrResult(correlation=0.10318661421037327, pvalue=0.001391131084265037), sim_men: SpearmanrResult(correlation=0.0960785009857442, pvalue=9.605489421645987e-07), sim_353: SpearmanrResult(correlation=0.1277844332718702, pvalue=0.02266110219822312), nearest to monster: ['monster', 'bird', 'brand', 'shell', 'operator', 'leg', 'cult', 'scheme', 'camera', 'platform'] + 
Epoch: 0, Iteration: 46100, Loss: 31.152938842773438 + 
Epoch: 0, Iteration: 46200, Loss: 30.60777473449707 + 
Epoch: 0, Iteration: 46300, Loss: 31.692272186279297 + 
Epoch: 0, Iteration: 46400, Loss: 31.573957443237305 + 
Epoch: 0, Iteration: 46500, Loss: 31.70697784423828 + 
Epoch: 0, Iteration: 46600, Loss: 31.403484344482422 + 
Epoch: 0, Iteration: 46700, Loss: 31.538963317871094 + 
Epoch: 0, Iteration: 46800, Loss: 31.356679916381836 + 
Epoch: 0, Iteration: 46900, Loss: 30.94314193725586 + 
Epoch: 0, Iteration: 47000, Loss: 31.122201919555664 + 
Epoch: 0, Iteration: 47100, Loss: 31.16344451904297 + 
Epoch: 0, Iteration: 47200, Loss: 31.411989212036133 + 
Epoch: 0, Iteration: 47300, Loss: 31.027141571044922 + 
Epoch: 0, Iteration: 47400, Loss: 31.092975616455078 + 
Epoch: 0, Iteration: 47500, Loss: 31.094486236572266 + 
Epoch: 0, Iteration: 47600, Loss: 31.428817749023438 + 
Epoch: 0, Iteration: 47700, Loss: 31.14944076538086 + 
Epoch: 0, Iteration: 47800, Loss: 30.7833251953125 + 
Epoch: 0, Iteration: 47900, Loss: 31.03479766845703 + 
Epoch: 0, Iteration: 48000, Loss: 30.42766761779785 + 
Epoch: 0, Iteration: 48000, sim_simlex: SpearmanrResult(correlation=0.1049122978493057, pvalue=0.0011530882991010766), sim_men: SpearmanrResult(correlation=0.09745250766495778, pvalue=6.696879448288751e-07), sim_353: SpearmanrResult(correlation=0.13301522658769643, pvalue=0.017633982167194473), nearest to monster: ['monster', 'bird', 'shell', 'brand', 'scheme', 'leg', 'operator', 'platform', 'cult', 'label'] + 
Epoch: 0, Iteration: 48100, Loss: 31.661510467529297 + 
Epoch: 0, Iteration: 48200, Loss: 31.109039306640625 + 
Epoch: 0, Iteration: 48300, Loss: 31.53908920288086 + 
Epoch: 0, Iteration: 48400, Loss: 31.524065017700195 + 
Epoch: 0, Iteration: 48500, Loss: 31.095592498779297 + 
Epoch: 0, Iteration: 48600, Loss: 31.212722778320312 + 
Epoch: 0, Iteration: 48700, Loss: 31.53662872314453 + 
Epoch: 0, Iteration: 48800, Loss: 31.356311798095703 + 
Epoch: 0, Iteration: 48900, Loss: 31.195798873901367 + 
Epoch: 0, Iteration: 49000, Loss: 31.073345184326172 + 
Epoch: 0, Iteration: 49100, Loss: 30.744976043701172 + 
Epoch: 0, Iteration: 49200, Loss: 31.651195526123047 + 
Epoch: 0, Iteration: 49300, Loss: 31.12036895751953 + 
Epoch: 0, Iteration: 49400, Loss: 31.63408851623535 + 
Epoch: 0, Iteration: 49500, Loss: 31.38405990600586 + 
Epoch: 0, Iteration: 49600, Loss: 30.961292266845703 + 
Epoch: 0, Iteration: 49700, Loss: 31.382843017578125 + 
Epoch: 0, Iteration: 49800, Loss: 31.045372009277344 + 
Epoch: 0, Iteration: 49900, Loss: 31.489961624145508 + 
Epoch: 0, Iteration: 50000, Loss: 31.629947662353516 + 
Epoch: 0, Iteration: 50000, sim_simlex: SpearmanrResult(correlation=0.10586009061003257, pvalue=0.001038933867280411), sim_men: SpearmanrResult(correlation=0.09896493543667509, pvalue=4.4771363673981794e-07), sim_353: SpearmanrResult(correlation=0.13939465240877438, pvalue=0.012841569672137187), nearest to monster: ['monster', 'bird', 'brand', 'shell', 'leg', 'scheme', 'platform', 'script', 'operator', 'cult'] + 
Epoch: 0, Iteration: 50100, Loss: 31.40667724609375 + 
Epoch: 0, Iteration: 50200, Loss: 31.2749080657959 + 
Epoch: 0, Iteration: 50300, Loss: 31.07853126525879 + 
Epoch: 0, Iteration: 50400, Loss: 31.516952514648438 + 
Epoch: 0, Iteration: 50500, Loss: 31.355731964111328 + 
Epoch: 0, Iteration: 50600, Loss: 31.159969329833984 + 
Epoch: 0, Iteration: 50700, Loss: 31.22222900390625 + 
Epoch: 0, Iteration: 50800, Loss: 31.246583938598633 + 
Epoch: 0, Iteration: 50900, Loss: 31.747669219970703 + 
Epoch: 0, Iteration: 51000, Loss: 31.104736328125 + 
Epoch: 0, Iteration: 51100, Loss: 31.576007843017578 + 
Epoch: 0, Iteration: 51200, Loss: 31.11046028137207 + 
Epoch: 0, Iteration: 51300, Loss: 30.83121681213379 + 
Epoch: 0, Iteration: 51400, Loss: 31.027400970458984 + 
Epoch: 0, Iteration: 51500, Loss: 30.857498168945312 + 
Epoch: 0, Iteration: 51600, Loss: 31.003950119018555 + 
Epoch: 0, Iteration: 51700, Loss: 31.48326873779297 + 
Epoch: 0, Iteration: 51800, Loss: 31.129642486572266 + 
Epoch: 0, Iteration: 51900, Loss: 31.226409912109375 + 
Epoch: 0, Iteration: 52000, Loss: 31.290843963623047 + 
Epoch: 0, Iteration: 52000, sim_simlex: SpearmanrResult(correlation=0.1062754760244379, pvalue=0.0009922737285715654), sim_men: SpearmanrResult(correlation=0.0994422770461964, pvalue=3.9380023464442737e-07), sim_353: SpearmanrResult(correlation=0.144780873092514, pvalue=0.009729966975925741), nearest to monster: ['monster', 'bird', 'brand', 'shell', 'leg', 'scheme', 'cult', 'boat', 'knight', 'operator'] + 
Epoch: 0, Iteration: 52100, Loss: 30.860301971435547 + 
Epoch: 0, Iteration: 52200, Loss: 31.42209243774414 + 
Epoch: 0, Iteration: 52300, Loss: 31.014453887939453 + 
Epoch: 0, Iteration: 52400, Loss: 30.440547943115234 + 
Epoch: 0, Iteration: 52500, Loss: 31.482986450195312 + 
Epoch: 0, Iteration: 52600, Loss: 31.33917236328125 + 
Epoch: 0, Iteration: 52700, Loss: 30.623706817626953 + 
Epoch: 0, Iteration: 0, Loss: 420.0472106933594 + 
